#
# A fatal error has been detected by the Java Runtime Environment:
#
#  EXCEPTION_ACCESS_VIOLATION (0xc0000005) at pc=0x000007feeac466b0, pid=7212, tid=8116
#
# JRE version: 6.0_17-b04
# Java VM: Java HotSpot(TM) 64-Bit Server VM (14.3-b01 mixed mode windows-amd64 )
# Problematic frame:
# C  0x000007feeac466b0
#
# If you would like to submit a bug report, please visit:
#   http://java.sun.com/webapps/bugreport/crash.jsp
# The crash happened outside the Java Virtual Machine in native code.
# See problematic frame for where to report the bug.
#

---------------  T H R E A D  ---------------

Current thread (0x0000000061437800):  JavaThread "AWT-EventQueue-0" [_thread_in_native, id=8116, stack(0x00000000ac000000,0x00000000b0000000)]

siginfo: ExceptionCode=0xc0000005, ExceptionInformation=0x0000000000000008 0x000007feeac466b0

Registers:
EAX=0x00000000afffe4c8, EBX=0x0000000000010010, ECX=0x0000000072010990, EDX=0x0000000000000000
ESP=0x00000000afffe408, EBP=0x00000000afffe470, ESI=0x000000007d0117ba, EDI=0x0000000072010990
EIP=0x000007feeac466b0, EFLAGS=0x0000000000010297

Top of Stack: (sp=0x00000000afffe408)
0x00000000afffe408:   0000000075bc1c97 0000000000010010
0x00000000afffe418:   0000000000010010 000000007d0117ba
0x00000000afffe428:   0000000075bc1a1b 00000000afffe4c8
0x00000000afffe438:   00000000afffe668 0000000000000001
0x00000000afffe448:   0000000000000000 007200630069004d
0x00000000afffe458:   0066006f0073006f 0061005900200074
0x00000000afffe468:   0000006900650048 0000000900000007
0x00000000afffe478:   0000001b00000008 000000000000001c
0x00000000afffe488:   ffffffffe80a19dc 0000000000000001
0x00000000afffe498:   0000000000000008 00000000018a0038
0x00000000afffe4a8:   00000000242fb632 0000000800000006
0x00000000afffe4b8:   0000000800000001 0000000000000007
0x00000000afffe4c8:   0000000000000000 0000000800000009
0x00000000afffe4d8:   ffffffff87051dcc 0000000000010000
0x00000000afffe4e8:   0001000000000000 0000000072010990
0x00000000afffe4f8:   000000000185000f 000000007d0117ba 

Instructions: (pc=0x000007feeac466b0)
0x000007feeac466a0:   
[error occurred during error reporting (printing registers, top of stack, instructions near pc), id 0xc0000005]

Stack: [0x00000000ac000000,0x00000000b0000000],  sp=0x00000000afffe408,  free space=65529k
Native frames: (J=compiled Java code, j=interpreted, Vv=VM code, C=native code)
C  0x000007feeac466b0

Java frames: (J=compiled Java code, j=interpreted, Vv=VM code)
j  sun.font.FileFontStrike._getGlyphImageFromWindows(Ljava/lang/String;IIIZ)J+0
j  sun.font.FileFontStrike.getGlyphImageFromWindows(I)J+65
j  sun.font.FileFontStrike.getGlyphImageFromNative(I)J+8
J  sun.font.FileFontStrike.getGlyphAdvance(IZ)F
J  sun.swing.SwingUtilities2.stringWidth(Ljavax/swing/JComponent;Ljava/awt/FontMetrics;Ljava/lang/String;)I
J  javax.swing.SwingUtilities.layoutCompoundLabelImpl(Ljavax/swing/JComponent;Ljava/awt/FontMetrics;Ljava/lang/String;Ljavax/swing/Icon;IIIILjava/awt/Rectangle;Ljava/awt/Rectangle;Ljava/awt/Rectangle;I)Ljava/lang/String;
J  javax.swing.plaf.basic.BasicLabelUI.layoutCL(Ljavax/swing/JLabel;Ljava/awt/FontMetrics;Ljava/lang/String;Ljavax/swing/Icon;Ljava/awt/Rectangle;Ljava/awt/Rectangle;Ljava/awt/Rectangle;)Ljava/lang/String;
J  javax.swing.plaf.basic.BasicLabelUI.getPreferredSize(Ljavax/swing/JComponent;)Ljava/awt/Dimension;
J  javax.swing.JComponent.getPreferredSize()Ljava/awt/Dimension;
j  info.clearthought.layout.TableLayout.calculateLayoutSize(Ljava/awt/Container;D)Ljava/awt/Dimension;+67
j  info.clearthought.layout.TableLayout.preferredLayoutSize(Ljava/awt/Container;)Ljava/awt/Dimension;+5
J  javax.swing.JComponent.getPreferredSize()Ljava/awt/Dimension;
j  info.clearthought.layout.TableLayout.calculateLayoutSize(Ljava/awt/Container;D)Ljava/awt/Dimension;+67
j  info.clearthought.layout.TableLayout.preferredLayoutSize(Ljava/awt/Container;)Ljava/awt/Dimension;+5
J  javax.swing.JComponent.getPreferredSize()Ljava/awt/Dimension;
j  com.mathworks.toolstrip.sections.PreferredSectionLayout.getPreferredWidth(Lcom/mathworks/toolstrip/ToolstripTab;II)I+9
j  com.mathworks.toolstrip.plaf.ToolstripTabLayout$Section.getWidth(II)I+47
j  com.mathworks.toolstrip.plaf.ToolstripTabLayout$Section.getCurrentWidth(I)I+6
j  com.mathworks.toolstrip.plaf.ToolstripTabLayout$Section.getTotalWidth(I)I+2
j  com.mathworks.toolstrip.plaf.ToolstripTabLayout.layoutContainer(Ljava/awt/Container;)V+261
J  java.awt.Container.layout()V
J  java.awt.Container.doLayout()V
J  java.awt.Container.validateTree()V
J  java.awt.Container.validateTree()V
J  java.awt.Container.validateTree()V
j  java.awt.Container.validate()V+61
j  javax.swing.RepaintManager.validateInvalidComponents()V+58
j  javax.swing.SystemEventQueueUtilities$ComponentWorkRequest.run()V+32
J  java.awt.EventDispatchThread.pumpOneEventForFilters(I)Z
J  java.awt.EventDispatchThread.pumpEventsForFilter(ILjava/awt/Conditional;Ljava/awt/EventFilter;)V
j  java.awt.EventDispatchThread.pumpEventsForHierarchy(ILjava/awt/Conditional;Ljava/awt/Component;)V+11
j  java.awt.EventDispatchThread.pumpEvents(ILjava/awt/Conditional;)V+4
j  java.awt.EventDispatchThread.pumpEvents(Ljava/awt/Conditional;)V+3
j  java.awt.EventDispatchThread.run()V+9
v  ~StubRoutines::call_stub

---------------  P R O C E S S  ---------------

Java Threads: ( => current thread )
  0x000000006143c800 JavaThread "Image Fetcher 0" daemon [_thread_blocked, id=10564, stack(0x000000012ec00000,0x0000000132c00000)]
  0x0000000061441000 JavaThread "Code Analyzer updating thread" [_thread_blocked, id=9512, stack(0x000000010c000000,0x0000000110000000)]
  0x000000006143d000 JavaThread "Explorer NavigationContext request queue" daemon [_thread_blocked, id=9700, stack(0x00000000e3b70000,0x00000000e7b70000)]
  0x0000000061444000 JavaThread "Foxtrot Single Worker Thread #1" daemon [_thread_blocked, id=7140, stack(0x00000000d0000000,0x00000000d4000000)]
  0x0000000061443000 JavaThread "Code Analyzer updating thread" [_thread_blocked, id=572, stack(0x00000000a4000000,0x00000000a8000000)]
  0x0000000061444800 JavaThread "Timer-2" daemon [_thread_blocked, id=5340, stack(0x0000000108000000,0x000000010c000000)]
  0x0000000061446000 JavaThread "com.jniwrapper.NativeResourceCollector" daemon [_thread_blocked, id=3740, stack(0x00000000fc000000,0x0000000100000000)]
  0x0000000061445000 JavaThread "Swing-Shell" daemon [_thread_blocked, id=4148, stack(0x0000000110000000,0x0000000114000000)]
  0x000000006143f800 JavaThread "Active Reference Queue Daemon" daemon [_thread_blocked, id=6212, stack(0x00000000f0000000,0x00000000f4000000)]
  0x000000006143e800 JavaThread "Timer-1" daemon [_thread_blocked, id=6452, stack(0x00000000ec000000,0x00000000f0000000)]
  0x000000006143e000 JavaThread "ClipboardMonitor Timer" daemon [_thread_blocked, id=3684, stack(0x00000000e8000000,0x00000000ec000000)]
  0x000000006143b000 JavaThread "AddressBar directory emptiness poller" daemon [_thread_blocked, id=5724, stack(0x00000000d8000000,0x00000000dc000000)]
  0x000000006143a800 JavaThread "Explorer Refresh Service 840543117" daemon [_thread_blocked, id=7028, stack(0x00000000d4000000,0x00000000d8000000)]
  0x0000000061439800 JavaThread "Thread-4" daemon [_thread_blocked, id=5156, stack(0x00000000cc000000,0x00000000d0000000)]
  0x0000000061439000 JavaThread "TimerQueue" daemon [_thread_blocked, id=7532, stack(0x00000000c0000000,0x00000000c4000000)]
  0x0000000061438000 JavaThread "Thread-3" daemon [_thread_blocked, id=7772, stack(0x00000000b0000000,0x00000000b4000000)]
=>0x0000000061437800 JavaThread "AWT-EventQueue-0" [_thread_in_native, id=8116, stack(0x00000000ac000000,0x00000000b0000000)]
  0x0000000061436800 JavaThread "AWT-Shutdown" [_thread_blocked, id=1404, stack(0x000000009c000000,0x00000000a0000000)]
  0x0000000060e31000 JavaThread "FelixPackageAdmin" daemon [_thread_blocked, id=5212, stack(0x00000000bc000000,0x00000000c0000000)]
  0x0000000061215800 JavaThread "FelixStartLevel" daemon [_thread_blocked, id=8108, stack(0x00000000b8000000,0x00000000bc000000)]
  0x00000000611bf000 JavaThread "FelixDispatchQueue" daemon [_thread_blocked, id=4240, stack(0x00000000b4000000,0x00000000b8000000)]
  0x0000000060f30800 JavaThread "com.google.common.base.internal.Finalizer" daemon [_thread_blocked, id=7732, stack(0x00000000a8000000,0x00000000ac000000)]
  0x0000000060f15000 JavaThread "AWT-Windows" daemon [_thread_in_native, id=5172, stack(0x00000000a0000000,0x00000000a4000000)]
  0x0000000060ec6800 JavaThread "Java2D Disposer" daemon [_thread_blocked, id=5020, stack(0x0000000098000000,0x000000009c000000)]
  0x000000005fab8800 JavaThread "Timer-0" [_thread_blocked, id=7240, stack(0x0000000094000000,0x0000000098000000)]
  0x00000000609d7800 JavaThread "EventMgr Dispatcher" daemon [_thread_in_native, id=3632, stack(0x0000000090000000,0x0000000094000000)]
  0x000000005385b800 JavaThread "Low Memory Detector" daemon [_thread_blocked, id=6632, stack(0x0000000088000000,0x000000008c000000)]
  0x0000000053854800 JavaThread "CompilerThread1" daemon [_thread_blocked, id=4048, stack(0x0000000084000000,0x0000000088000000)]
  0x000000005384c800 JavaThread "CompilerThread0" daemon [_thread_blocked, id=3428, stack(0x0000000080000000,0x0000000084000000)]
  0x0000000053804800 JavaThread "Attach Listener" daemon [_thread_blocked, id=1364, stack(0x0000000067a20000,0x000000006ba20000)]
  0x00000000537ed000 JavaThread "Finalizer" daemon [_thread_blocked, id=6420, stack(0x000000005b8d0000,0x000000005f8d0000)]
  0x00000000537e6800 JavaThread "Reference Handler" daemon [_thread_blocked, id=224, stack(0x00000000578d0000,0x000000005b8d0000)]
  0x000000000670f000 JavaThread "main" [_thread_in_native, id=3720, stack(0x0000000000030000,0x0000000004030000)]

Other Threads:
  0x00000000537e3800 VMThread [stack: 0x00000000538d0000,0x00000000578d0000] [id=7524]
  0x0000000053896800 WatcherThread [stack: 0x000000008c000000,0x0000000090000000] [id=3092]

VM state:not at safepoint (normal execution)

VM Mutex/Monitor currently owned by a thread: None

Heap
 PSYoungGen      total 31296K, used 25922K [0x0000000038440000, 0x000000003a6b0000, 0x000000003b540000)
  eden space 27584K, 86% used [0x0000000038440000,0x0000000039b85f28,0x0000000039f30000)
  from space 3712K, 56% used [0x000000003a2e0000,0x000000003a4ea8f8,0x000000003a680000)
  to   space 3776K, 0% used [0x0000000039f30000,0x0000000039f30000,0x000000003a2e0000)
 PSOldGen        total 120384K, used 67272K [0x000000002f140000, 0x00000000366d0000, 0x0000000038440000)
  object space 120384K, 55% used [0x000000002f140000,0x00000000332f2360,0x00000000366d0000)
 PSPermGen       total 131072K, used 77561K [0x0000000027140000, 0x000000002f140000, 0x000000002f140000)
  object space 131072K, 59% used [0x0000000027140000,0x000000002bcfe5c8,0x000000002f140000)

Dynamic libraries:
0x0000000140000000 - 0x0000000140028000 	C:\Program Files\MATLAB\R2013a\bin\win64\MATLAB.exe
0x0000000077450000 - 0x00000000775fc000 	C:\Windows\SYSTEM32\ntdll.dll
0x0000000076c10000 - 0x0000000076d2f000 	C:\Windows\system32\kernel32.dll
0x000007fefd9f0000 - 0x000007fefda5c000 	C:\Windows\system32\KERNELBASE.dll
0x0000000074460000 - 0x0000000074515000 	C:\Program Files\MATLAB\R2013a\bin\win64\libut.dll
0x00000000758a0000 - 0x000000007595f000 	C:\Program Files\MATLAB\R2013a\bin\win64\libmwi18n.dll
0x0000000180000000 - 0x000000018000d000 	C:\Program Files\MATLAB\R2013a\bin\win64\libmwresource_core.dll
0x0000000072d20000 - 0x0000000072db8000 	C:\Program Files\MATLAB\R2013a\bin\win64\MSVCP100.dll
0x000000006d140000 - 0x000000006d212000 	C:\Program Files\MATLAB\R2013a\bin\win64\MSVCR100.dll
0x0000000072ee0000 - 0x0000000072eee000 	C:\Program Files\MATLAB\R2013a\bin\win64\boost_date_time-vc100-mt-1_49.dll
0x0000000072cd0000 - 0x0000000072cfc000 	C:\Program Files\MATLAB\R2013a\bin\win64\boost_filesystem-vc100-mt-1_49.dll
0x0000000072ed0000 - 0x0000000072ed9000 	C:\Program Files\MATLAB\R2013a\bin\win64\boost_system-vc100-mt-1_49.dll
0x000007fefdd30000 - 0x000007fefde0b000 	C:\Windows\system32\ADVAPI32.dll
0x000007feff280000 - 0x000007feff31f000 	C:\Windows\system32\msvcrt.dll
0x000007feff480000 - 0x000007feff49f000 	C:\Windows\SYSTEM32\sechost.dll
0x000007fefdb00000 - 0x000007fefdc2e000 	C:\Windows\system32\RPCRT4.dll
0x00000000728f0000 - 0x0000000072915000 	C:\Program Files\MATLAB\R2013a\bin\win64\LIBEXPAT.dll
0x000000006cfb0000 - 0x000000006d13a000 	C:\Program Files\MATLAB\R2013a\bin\win64\icuin49.dll
0x000000006ce70000 - 0x000000006cfae000 	C:\Program Files\MATLAB\R2013a\bin\win64\icuuc49.dll
0x0000000062b50000 - 0x0000000063c72000 	C:\Program Files\MATLAB\R2013a\bin\win64\icudt49.dll
0x0000000072ec0000 - 0x0000000072ed0000 	C:\Program Files\MATLAB\R2013a\bin\win64\icuio49.dll
0x0000000073f70000 - 0x0000000074112000 	C:\Program Files\MATLAB\R2013a\bin\win64\libmwfl.dll
0x000000007a350000 - 0x000000007a737000 	C:\Program Files\MATLAB\R2013a\bin\win64\libmwMATLAB_res.dll
0x000000006cd90000 - 0x000000006ce6f000 	C:\Program Files\MATLAB\R2013a\bin\win64\boost_regex-vc100-mt-1_49.dll
0x0000000076fd0000 - 0x00000000770ca000 	C:\Windows\system32\USER32.dll
0x000007fefe270000 - 0x000007fefe2d7000 	C:\Windows\system32\GDI32.dll
0x000007feff750000 - 0x000007feff75e000 	C:\Windows\system32\LPK.dll
0x000007fefe1a0000 - 0x000007fefe26a000 	C:\Windows\system32\USP10.dll
0x00000000728d0000 - 0x00000000728e1000 	C:\Program Files\MATLAB\R2013a\bin\win64\boost_signals-vc100-mt-1_49.dll
0x00000000728b0000 - 0x00000000728c1000 	C:\Program Files\MATLAB\R2013a\bin\win64\boost_thread-vc100-mt-1_49.dll
0x000007fef0760000 - 0x000007fef07ec000 	C:\Program Files\MATLAB\R2013a\bin\win64\boost_log-vc100-mt-1_49.dll
0x0000000077610000 - 0x0000000077617000 	C:\Windows\system32\PSAPI.DLL
0x000007fefde10000 - 0x000007fefde5d000 	C:\Windows\system32\WS2_32.dll
0x000007feff3b0000 - 0x000007feff3b8000 	C:\Windows\system32\NSI.dll
0x000007fef2120000 - 0x000007fef2153000 	C:\Program Files\MATLAB\R2013a\bin\win64\tbb.dll
0x000007feff3c0000 - 0x000007feff3d9000 	C:\Windows\system32\imagehlp.dll
0x000007fefd780000 - 0x000007fefd7ac000 	C:\Windows\system32\POWRPROF.dll
0x000007feff520000 - 0x000007feff6f7000 	C:\Windows\system32\SETUPAPI.dll
0x000007fefd740000 - 0x000007fefd776000 	C:\Windows\system32\CFGMGR32.dll
0x000007fefdf00000 - 0x000007fefdfd7000 	C:\Windows\system32\OLEAUT32.dll
0x000007fefe2e0000 - 0x000007fefe4e2000 	C:\Windows\system32\ole32.dll
0x000007fefd800000 - 0x000007fefd81a000 	C:\Windows\system32\DEVOBJ.dll
0x0000000004130000 - 0x0000000004151000 	C:\Program Files\MATLAB\R2013a\bin\win64\libmwmfl_scalar.dll
0x000007fefc0f0000 - 0x000007fefc215000 	C:\Windows\system32\dbghelp.dll
0x00000000042c0000 - 0x00000000045ef000 	C:\Program Files\MATLAB\R2013a\bin\win64\libmwservices.dll
0x0000000075a20000 - 0x0000000075b0b000 	C:\Program Files\MATLAB\R2013a\bin\win64\libmx.dll
0x000007fef1e20000 - 0x000007fef1e48000 	C:\Program Files\MATLAB\R2013a\bin\win64\tbbmalloc.dll
0x0000000072880000 - 0x0000000072897000 	C:\Program Files\MATLAB\R2013a\bin\win64\zlib1.dll
0x0000000004160000 - 0x00000000041ae000 	C:\Program Files\MATLAB\R2013a\bin\win64\libmwregexp.dll
0x0000000075f10000 - 0x0000000075f57000 	C:\Program Files\MATLAB\R2013a\bin\win64\mpath.dll
0x000000007b680000 - 0x000000007bc66000 	C:\Program Files\MATLAB\R2013a\bin\win64\mlutil.dll
0x00000000754d0000 - 0x0000000075547000 	C:\Program Files\MATLAB\R2013a\bin\win64\xmlcore.dll
0x000000006c8f0000 - 0x000000006cb31000 	C:\Program Files\MATLAB\R2013a\bin\win64\xerces-c_2_7.dll
0x00000000045f0000 - 0x0000000004612000 	C:\Program Files\MATLAB\R2013a\bin\win64\libmwMATLAB_settings_res.dll
0x000007fefc370000 - 0x000007fefc380000 	C:\Program Files\MATLAB\R2013a\bin\win64\boost_iostreams-vc100-mt-1_49.dll
0x000007fef0680000 - 0x000007fef06c6000 	C:\Program Files\MATLAB\R2013a\bin\win64\boost_serialization-vc100-mt-1_49.dll
0x000007fefe4f0000 - 0x000007feff277000 	C:\Windows\system32\SHELL32.dll
0x000007fefe120000 - 0x000007fefe191000 	C:\Windows\system32\SHLWAPI.dll
0x0000000004620000 - 0x0000000004626000 	C:\Program Files\MATLAB\R2013a\bin\win64\libmwnativedisplay.dll
0x000007fefa970000 - 0x000007fefaa10000 	C:\Windows\WinSxS\amd64_microsoft.windows.common-controls_6595b64144ccf1df_5.82.7600.16661_none_a44e1fc257f685f6\COMCTL32.dll
0x000007fefde60000 - 0x000007fefdef8000 	C:\Windows\system32\COMDLG32.dll
0x000007fefb760000 - 0x000007fefb776000 	C:\Windows\system32\NETAPI32.dll
0x000007fefb750000 - 0x000007fefb75c000 	C:\Windows\system32\netutils.dll
0x000007fefca70000 - 0x000007fefca93000 	C:\Windows\system32\srvcli.dll
0x000007fefb730000 - 0x000007fefb745000 	C:\Windows\system32\wkscli.dll
0x0000000074970000 - 0x0000000074a18000 	C:\Program Files\MATLAB\R2013a\bin\win64\mcr.dll
0x0000000075000000 - 0x00000000753b1000 	C:\Program Files\MATLAB\R2013a\bin\win64\iqm.dll
0x0000000074e80000 - 0x0000000074f30000 	C:\Program Files\MATLAB\R2013a\bin\win64\m_dispatcher.dll
0x0000000004630000 - 0x0000000004e38000 	C:\Program Files\MATLAB\R2013a\bin\win64\m_interpreter.dll
0x0000000004e40000 - 0x0000000004e64000 	C:\Program Files\MATLAB\R2013a\bin\win64\libmex.dll
0x0000000075430000 - 0x00000000754ab000 	C:\Program Files\MATLAB\R2013a\bin\win64\profiler.dll
0x0000000004e70000 - 0x00000000050f3000 	C:\Program Files\MATLAB\R2013a\bin\win64\libmwmathutil.dll
0x0000000079f40000 - 0x0000000079f66000 	C:\Program Files\MATLAB\R2013a\bin\win64\libmwmathrng.dll
0x0000000005100000 - 0x0000000005110000 	C:\Program Files\MATLAB\R2013a\bin\win64\libmwmfl_rng.dll
0x0000000074c10000 - 0x0000000074cf8000 	C:\Program Files\MATLAB\R2013a\bin\win64\libmwmathcore.dll
0x0000000076160000 - 0x00000000761c3000 	C:\Program Files\MATLAB\R2013a\bin\win64\libmwspmatrix.dll
0x000000007b0a0000 - 0x000000007b2f6000 	C:\Program Files\MATLAB\R2013a\bin\win64\mcos.dll
0x0000000075ea0000 - 0x0000000075f02000 	C:\Program Files\MATLAB\R2013a\bin\win64\libmwcholmod.dll
0x0000000005120000 - 0x000000000512d000 	C:\Program Files\MATLAB\R2013a\bin\win64\libmwamd.dll
0x0000000071810000 - 0x00000000718b3000 	C:\Windows\WinSxS\amd64_microsoft.vc90.crt_1fc8b3b9a1e18e3b_9.0.30729.6161_none_08e61857a83bc251\MSVCR90.dll
0x0000000005140000 - 0x000000000514c000 	C:\Program Files\MATLAB\R2013a\bin\win64\libmwcolamd.dll
0x000000007a290000 - 0x000000007a2a3000 	C:\Program Files\MATLAB\R2013a\bin\win64\libmwblas.dll
0x000000007a310000 - 0x000000007a325000 	C:\Program Files\MATLAB\R2013a\bin\win64\libmwbinder.dll
0x0000000005160000 - 0x000000000516b000 	C:\Program Files\MATLAB\R2013a\bin\win64\libmwompwrapper.dll
0x0000000075820000 - 0x000000007589e000 	C:\Program Files\MATLAB\R2013a\bin\win64\libmwlapack.dll
0x000000007a1b0000 - 0x000000007a1d0000 	C:\Program Files\MATLAB\R2013a\bin\win64\m_pcodeio.dll
0x0000000079b10000 - 0x0000000079b6c000 	C:\Program Files\MATLAB\R2013a\bin\win64\m_ir.dll
0x0000000078ed0000 - 0x0000000079579000 	C:\Program Files\MATLAB\R2013a\bin\win64\m_parser.dll
0x000000007a2f0000 - 0x000000007a307000 	C:\Program Files\MATLAB\R2013a\bin\win64\ir_xfmr.dll
0x0000000005170000 - 0x0000000005180000 	C:\Program Files\MATLAB\R2013a\bin\win64\mtok.dll
0x000000007a130000 - 0x000000007a158000 	C:\Program Files\MATLAB\R2013a\bin\win64\m_pcodegen.dll
0x0000000079fb0000 - 0x0000000079fdf000 	C:\Program Files\MATLAB\R2013a\bin\win64\libmwbridge.dll
0x0000000074f40000 - 0x0000000074ff6000 	C:\Program Files\MATLAB\R2013a\bin\win64\udd.dll
0x0000000073cc0000 - 0x0000000073e0e000 	C:\Program Files\MATLAB\R2013a\bin\win64\libmwgui.dll
0x000000007a1d0000 - 0x000000007a1f4000 	C:\Program Files\MATLAB\R2013a\bin\win64\graphics_util.dll
0x000007feedf50000 - 0x000007feee008000 	C:\Program Files\MATLAB\R2013a\bin\win64\libtex_base.dll
0x0000000005180000 - 0x0000000005ac3000 	C:\Program Files\MATLAB\R2013a\bin\win64\hg.dll
0x0000000076100000 - 0x000000007615a000 	C:\Program Files\MATLAB\R2013a\bin\win64\libmat.dll
0x0000000005ad0000 - 0x0000000005cd8000 	C:\Program Files\MATLAB\R2013a\bin\win64\hdf5dll.dll
0x0000000075710000 - 0x00000000757d8000 	C:\Program Files\MATLAB\R2013a\bin\win64\jmi.dll
0x0000000005cf0000 - 0x0000000005cfe000 	C:\Program Files\MATLAB\R2013a\bin\win64\nativejava_services.dll
0x0000000005d00000 - 0x0000000005d40000 	C:\Program Files\MATLAB\R2013a\bin\win64\libmwhardcopy.dll
0x0000000075c70000 - 0x0000000075cce000 	C:\Program Files\MATLAB\R2013a\bin\win64\libuij.dll
0x0000000072f50000 - 0x000000007318f000 	C:\Program Files\MATLAB\R2013a\bin\win64\hgdatatypes.dll
0x0000000005d40000 - 0x0000000005e2b000 	C:\Program Files\MATLAB\R2013a\bin\win64\hgutils.dll
0x0000000005e30000 - 0x0000000005ede000 	C:\Program Files\MATLAB\R2013a\bin\win64\udd_mi.dll
0x0000000005ee0000 - 0x0000000005f16000 	C:\Program Files\MATLAB\R2013a\bin\win64\libmwgbtutils.dll
0x0000000005f20000 - 0x0000000005f34000 	C:\Program Files\MATLAB\R2013a\bin\win64\libmwgbt.dll
0x0000000005f40000 - 0x000000000620e000 	C:\Program Files\MATLAB\R2013a\bin\win64\uiw.dll
0x0000000006210000 - 0x0000000006219000 	C:\Program Files\MATLAB\R2013a\bin\win64\uinone.dll
0x0000000006220000 - 0x0000000006246000 	C:\Program Files\MATLAB\R2013a\bin\win64\libmwnativefiledialogs.dll
0x0000000006250000 - 0x000000000625c000 	C:\Program Files\MATLAB\R2013a\bin\win64\libmwplatform_res.dll
0x000007fef5090000 - 0x000007fef50a8000 	C:\Windows\system32\MPR.dll
0x00000000674c0000 - 0x0000000067a1d000 	C:\Program Files\MATLAB\R2013a\bin\win64\mfc100.dll
0x000007fefb460000 - 0x000007fefb467000 	C:\Windows\system32\MSIMG32.dll
0x000007fefa900000 - 0x000007fefa970000 	C:\Windows\system32\WINSPOOL.DRV
0x0000000006260000 - 0x000000000627d000 	C:\Program Files\MATLAB\R2013a\bin\win64\mwoles05.DLL
0x0000000006280000 - 0x00000000062ec000 	C:\Program Files\MATLAB\R2013a\bin\win64\comcli.dll
0x000000006d590000 - 0x000000006d5bb000 	C:\Program Files\MATLAB\R2013a\bin\win64\ATL100.DLL
0x00000000062f0000 - 0x00000000062fc000 	C:\Program Files\MATLAB\R2013a\bin\win64\mlautoregister.dll
0x0000000006300000 - 0x0000000006456000 	C:\Program Files\MATLAB\R2013a\bin\win64\mvm.dll
0x000007fefdfe0000 - 0x000007fefe00e000 	C:\Windows\system32\IMM32.DLL
0x000007fefe010000 - 0x000007fefe119000 	C:\Windows\system32\MSCTF.dll
0x000007fefd650000 - 0x000007fefd682000 	C:\Windows\system32\nvinitx.dll
0x000007fefd640000 - 0x000007fefd64c000 	C:\Windows\system32\VERSION.dll
0x000000000f000000 - 0x000000000f006000 	C:\Program Files\NVIDIA Corporation\CoProcManager\detoured.dll
0x000007fefb1a0000 - 0x000007fefb1d2000 	C:\Program Files\NVIDIA Corporation\CoProcManager\nvd3d9wrapx.dll
0x000007fefae00000 - 0x000007fefae22000 	C:\Program Files\NVIDIA Corporation\CoProcManager\nvdxgiwrapx.dll

VM Arguments:
jvm_args: -XX:PermSize=32m -Xms64m -XX:NewRatio=3 -XX:MaxPermSize=128m -Xmx196m -XX:MaxDirectMemorySize=2147400000 -Dsun.java2d.noddraw=true -Dsun.awt.nopixfmt=true -Xshare:off -Xrs -Dsun.awt.disableMixing=true -Djava.library.path=C:\Program Files\MATLAB\R2013a\bin\win64;C:\Program Files\MATLAB\R2013a\sys\jxbrowser\win64\lib vfprintf abort -Duser.language=en -Duser.country=US -XX:ParallelGCThreads=6 
java_command: <unknown>
Launcher Type: generic

Environment Variables:
PATH=C:\Python27\Scripts;C:\Python27\Lib\site-packages\PyQt4;C:\Windows\system32;C:\Windows;C:\Windows\System32\Wbem;C:\Windows\System32\WindowsPowerShell\v1.0\;C:\Python27;C:\Python27\Lib\site-packages\;C:\Python27\Lib\site-packages\zope\interface;C:\Program Files (x86)\GitExtensions\;C:\Program Files\MATLAB\R2013a\runtime\win64;C:\Program Files\MATLAB\R2013a\bin;C:\Program Files (x86)\Microsoft SQL Server\100\Tools\Binn\;C:\Program Files\Microsoft SQL Server\100\Tools\Binn\;C:\Program Files\Microsoft SQL Server\100\DTS\Binn\;C:\Program Files (x86)\Microsoft SQL Server\100\Tools\Binn\VSShell\Common7\IDE\;C:\Program Files (x86)\Microsoft SQL Server\100\DTS\Binn\;C:\Program Files (x86)\Microsoft Visual Studio 9.0\Common7\IDE\PrivateAssemblies\;D:\4.8.6-64\4.8.6-64\bin;C:\Program Files (x86)\Rational\Common;C:\Program Files\GenICam_v2_4\bin\Win64_x64;C:\CameraLink\Serial;C:\Program Files (x86)\Microsoft Visual Studio\Common\Tools\WinNT;C:\Program Files (x86)\Microsoft Visual Studio\Common\MSDev98\Bin;C:\Program Files (x86)\Microsoft Visual Studio\Common\Tools;C:\Program Files (x86)\Microsoft Visual Studio\VC98\bin
USERNAME=JT
OS=Windows_NT
PROCESSOR_IDENTIFIER=Intel64 Family 6 Model 42 Stepping 7, GenuineIntel



---------------  S Y S T E M  ---------------

OS: Windows 7 Build 7600 

CPU:total 8 (8 cores per cpu, 2 threads per core) family 6 model 42 stepping 7, cmov, cx8, fxsr, mmx, sse, sse2, sse3, ssse3, sse4.1, sse4.2, ht

Memory: 4k page, physical 16678988k(12520936k free), swap 33356072k(28329348k free)

vm_info: Java HotSpot(TM) 64-Bit Server VM (14.3-b01) for windows-amd64 JRE (1.6.0_17-b04), built on Oct 11 2009 00:46:08 by "java_re" with MS VC++ 8.0

time: Mon Jul 10 10:49:39 2017
elapsed time: 153210 seconds

